<?xml version="1.0" encoding="UTF-8"?>
<coverage generated="1657215270543" clover="3.2.0">
  <project timestamp="1657215270543" name="All files">
    <metrics statements="2" coveredstatements="1" conditionals="0" coveredconditionals="0" methods="2" coveredmethods="1" elements="4" coveredelements="2" complexity="0" loc="2" ncloc="2" packages="1" files="1" classes="1"/>
    <file name="commons.ts" path="/Users/tony/Desktop/Git/jest-cicd/src/utils/commons.ts">
      <metrics statements="2" coveredstatements="1" conditionals="0" coveredconditionals="0" methods="2" coveredmethods="1"/>
      <line num="2" count="0" type="stmt"/>
      <line num="6" count="1" type="stmt"/>
    </file>
  </project>
</coverage>
